<?xml version="1.0" encoding="UTF-8"?>
<!-- Generated by org.testng.reporters.JUnitXMLReporter -->
<testsuite ignored="0" hostname="LAPTOP-MB7DGVQG" failures="0" tests="4" name="Default test" time="30.209" errors="0" timestamp="2023-11-17T13:39:56 IST">
  <testcase classname="P21Jan2024.e2e.Dev1.Dev3" name="f" time="6.097"/>
  <testcase classname="P21Jan2024.e2e.Dev1.Dev3" name="f" time="6.105"/>
  <testcase classname="P21Jan2024.e2e.Dev1.Dev3" name="f" time="6.071"/>
  <testcase classname="P21Jan2024.e2e.Dev1.Dev3" name="f" time="6.079"/>
</testsuite> <!-- Default test -->
