<?xml version="1.0" encoding="UTF-8"?>
<!-- Generated by org.testng.reporters.JUnitXMLReporter -->
<testsuite ignored="0" hostname="LAPTOP-MB7DGVQG" failures="0" tests="4" name="Default test" time="30.794" errors="0" timestamp="2023-11-17T15:42:00 IST">
  <testcase classname="P21Jan2024.e2e.Dev1.Dev3" name="f" time="6.085"/>
  <testcase classname="P21Jan2024.e2e.Dev1.Dev3" name="f" time="6.098"/>
  <testcase classname="P21Jan2024.e2e.Dev1.Dev3" name="f" time="6.083"/>
  <testcase classname="P21Jan2024.e2e.Dev1.Dev3" name="f" time="6.089"/>
</testsuite> <!-- Default test -->
