<?xml version="1.0" encoding="UTF-8"?>
<!-- Generated by org.testng.reporters.JUnitXMLReporter -->
<testsuite ignored="0" hostname="LAPTOP-MB7DGVQG" failures="1" tests="12" name="Test" time="78.919" errors="0" timestamp="2023-11-18T14:08:03 IST">
  <testcase classname="P21Jan2024.e2e.Login1" name="f" time="2.381"/>
  <testcase classname="P21Jan2024.e2e.Dev1.Dev1" name="f" time="0.002">
    <skipped/>
  </testcase> <!-- f -->
  <testcase classname="P21Jan2024.e2e.Dev1.Dev1" name="f" time="0.002">
    <skipped/>
  </testcase> <!-- f -->
  <testcase classname="P21Jan2024.e2e.Dev1.Dev1" name="f" time="0.003">
    <skipped/>
  </testcase> <!-- f -->
  <testcase classname="P21Jan2024.e2e.Dev1.Dev1" name="f" time="0.001">
    <failure type="java.lang.AssertionError" message="expected [true] but found [false]">
      <![CDATA[java.lang.AssertionError: expected [true] but found [false]
at P21Jan2024.e2e.Dev1.Dev1.f(Dev1.java:17)
at java.base/java.util.ArrayList.forEach(ArrayList.java:1511)
... Removed 33 stack frames]]>
    </failure>
  </testcase> <!-- f -->
  <testcase classname="P21Jan2024.e2e.Dev1.Dev2" name="f" time="6.078"/>
  <testcase classname="P21Jan2024.e2e.Dev1.Dev3" name="f" time="6.089"/>
  <testcase classname="P21Jan2024.e2e.Dev1.Dev3" name="f" time="6.07"/>
  <testcase classname="P21Jan2024.e2e.Dev1.Dev3" name="f" time="6.078"/>
  <testcase classname="P21Jan2024.e2e.Dev1.Dev3" name="f" time="6.083"/>
  <testcase classname="P21Jan2024.e2e.DevOps1.DevOps1" name="f" time="6.091"/>
  <testcase classname="P21Jan2024.e2e.QA1.QA1" name="f" time="6.104"/>
</testsuite> <!-- Test -->
