<?xml version="1.0" encoding="UTF-8"?>
<testng-results ignored="0" total="5" passed="5" failed="0" skipped="0">
  <reporter-output>
  </reporter-output>
  <suite started-at="2023-11-16T16:17:40 IST" name="Suite" finished-at="2023-11-16T16:18:31 IST" duration-ms="51153">
    <groups>
    </groups>
    <test started-at="2023-11-16T16:17:40 IST" name="Test" finished-at="2023-11-16T16:18:31 IST" duration-ms="51153">
      <class name="P21Jan2024.e2e.QA1.QA1">
        <test-method is-config="true" signature="setUp()[pri:0, instance:P21Jan2024.e2e.QA1.QA1@4d826d77]" started-at="2023-11-16T16:18:20 IST" name="setUp" finished-at="2023-11-16T16:18:24 IST" duration-ms="4632" status="PASS">
          <reporter-output>
          </reporter-output>
        </test-method> <!-- setUp -->
        <test-method signature="f()[pri:0, instance:P21Jan2024.e2e.QA1.QA1@4d826d77]" started-at="2023-11-16T16:18:24 IST" name="f" finished-at="2023-11-16T16:18:30 IST" duration-ms="6082" status="PASS">
          <reporter-output>
          </reporter-output>
        </test-method> <!-- f -->
        <test-method is-config="true" signature="tearDown()[pri:0, instance:P21Jan2024.e2e.QA1.QA1@4d826d77]" started-at="2023-11-16T16:18:30 IST" name="tearDown" finished-at="2023-11-16T16:18:31 IST" duration-ms="773" status="PASS">
          <reporter-output>
          </reporter-output>
        </test-method> <!-- tearDown -->
        <test-method is-config="true" signature="teradown()[pri:0, instance:P21Jan2024.e2e.QA1.QA1@4d826d77]" started-at="2023-11-16T16:18:31 IST" name="teradown" finished-at="2023-11-16T16:18:31 IST" duration-ms="0" status="PASS">
          <reporter-output>
          </reporter-output>
        </test-method> <!-- teradown -->
      </class> <!-- P21Jan2024.e2e.QA1.QA1 -->
      <class name="P21Jan2024.e2e.DevOps1.DevOps1">
        <test-method is-config="true" signature="setUp()[pri:0, instance:P21Jan2024.e2e.DevOps1.DevOps1@1a052a00]" started-at="2023-11-16T16:18:08 IST" name="setUp" finished-at="2023-11-16T16:18:13 IST" duration-ms="4497" status="PASS">
          <reporter-output>
          </reporter-output>
        </test-method> <!-- setUp -->
        <test-method signature="f()[pri:0, instance:P21Jan2024.e2e.DevOps1.DevOps1@1a052a00]" started-at="2023-11-16T16:18:13 IST" name="f" finished-at="2023-11-16T16:18:19 IST" duration-ms="6107" status="PASS">
          <reporter-output>
          </reporter-output>
        </test-method> <!-- f -->
        <test-method is-config="true" signature="tearDown()[pri:0, instance:P21Jan2024.e2e.DevOps1.DevOps1@1a052a00]" started-at="2023-11-16T16:18:19 IST" name="tearDown" finished-at="2023-11-16T16:18:20 IST" duration-ms="750" status="PASS">
          <reporter-output>
          </reporter-output>
        </test-method> <!-- tearDown -->
        <test-method is-config="true" signature="teradown()[pri:0, instance:P21Jan2024.e2e.DevOps1.DevOps1@1a052a00]" started-at="2023-11-16T16:18:31 IST" name="teradown" finished-at="2023-11-16T16:18:31 IST" duration-ms="0" status="PASS">
          <reporter-output>
          </reporter-output>
        </test-method> <!-- teradown -->
      </class> <!-- P21Jan2024.e2e.DevOps1.DevOps1 -->
      <class name="P21Jan2024.e2e.Dev1.Dev2">
        <test-method is-config="true" signature="setUp()[pri:0, instance:P21Jan2024.e2e.Dev1.Dev2@770c2e6b]" started-at="2023-11-16T16:17:57 IST" name="setUp" finished-at="2023-11-16T16:18:01 IST" duration-ms="4357" status="PASS">
          <reporter-output>
          </reporter-output>
        </test-method> <!-- setUp -->
        <test-method signature="f()[pri:0, instance:P21Jan2024.e2e.Dev1.Dev2@770c2e6b]" started-at="2023-11-16T16:18:01 IST" name="f" finished-at="2023-11-16T16:18:07 IST" duration-ms="6100" status="PASS">
          <reporter-output>
          </reporter-output>
        </test-method> <!-- f -->
        <test-method is-config="true" signature="tearDown()[pri:0, instance:P21Jan2024.e2e.Dev1.Dev2@770c2e6b]" started-at="2023-11-16T16:18:07 IST" name="tearDown" finished-at="2023-11-16T16:18:08 IST" duration-ms="732" status="PASS">
          <reporter-output>
          </reporter-output>
        </test-method> <!-- tearDown -->
        <test-method is-config="true" signature="teradown()[pri:0, instance:P21Jan2024.e2e.Dev1.Dev2@770c2e6b]" started-at="2023-11-16T16:18:31 IST" name="teradown" finished-at="2023-11-16T16:18:31 IST" duration-ms="0" status="PASS">
          <reporter-output>
          </reporter-output>
        </test-method> <!-- teradown -->
      </class> <!-- P21Jan2024.e2e.Dev1.Dev2 -->
      <class name="P21Jan2024.e2e.Dev1.Dev1">
        <test-method is-config="true" signature="setUp()[pri:0, instance:P21Jan2024.e2e.Dev1.Dev1@c540f5a]" started-at="2023-11-16T16:17:46 IST" name="setUp" finished-at="2023-11-16T16:17:50 IST" duration-ms="4441" status="PASS">
          <reporter-output>
          </reporter-output>
        </test-method> <!-- setUp -->
        <test-method signature="f()[pri:0, instance:P21Jan2024.e2e.Dev1.Dev1@c540f5a]" started-at="2023-11-16T16:17:50 IST" name="f" finished-at="2023-11-16T16:17:56 IST" duration-ms="6086" status="PASS">
          <reporter-output>
          </reporter-output>
        </test-method> <!-- f -->
        <test-method is-config="true" signature="tearDown()[pri:0, instance:P21Jan2024.e2e.Dev1.Dev1@c540f5a]" started-at="2023-11-16T16:17:56 IST" name="tearDown" finished-at="2023-11-16T16:17:57 IST" duration-ms="761" status="PASS">
          <reporter-output>
          </reporter-output>
        </test-method> <!-- tearDown -->
        <test-method is-config="true" signature="teradown()[pri:0, instance:P21Jan2024.e2e.Dev1.Dev1@c540f5a]" started-at="2023-11-16T16:18:31 IST" name="teradown" finished-at="2023-11-16T16:18:31 IST" duration-ms="0" status="PASS">
          <reporter-output>
          </reporter-output>
        </test-method> <!-- teradown -->
      </class> <!-- P21Jan2024.e2e.Dev1.Dev1 -->
      <class name="P21Jan2024.e2e.Login1">
        <test-method is-config="true" signature="setUp()[pri:0, instance:P21Jan2024.e2e.Login1@51b7e5df]" started-at="2023-11-16T16:17:40 IST" name="setUp" finished-at="2023-11-16T16:17:43 IST" duration-ms="2716" status="PASS">
          <reporter-output>
          </reporter-output>
        </test-method> <!-- setUp -->
        <test-method signature="f()[pri:0, instance:P21Jan2024.e2e.Login1@51b7e5df]" started-at="2023-11-16T16:17:43 IST" name="f" finished-at="2023-11-16T16:17:45 IST" duration-ms="2178" status="PASS">
          <reporter-output>
          </reporter-output>
        </test-method> <!-- f -->
        <test-method is-config="true" signature="tearDown()[pri:0, instance:P21Jan2024.e2e.Login1@51b7e5df]" started-at="2023-11-16T16:17:45 IST" name="tearDown" finished-at="2023-11-16T16:17:46 IST" duration-ms="912" status="PASS">
          <reporter-output>
          </reporter-output>
        </test-method> <!-- tearDown -->
      </class> <!-- P21Jan2024.e2e.Login1 -->
    </test> <!-- Test -->
  </suite> <!-- Suite -->
</testng-results>
