<?xml version="1.0" encoding="UTF-8"?>
<testsuite name="TestSuite" time="26.665" tests="12" errors="0" skipped="3" failures="1">
  <properties>
[...]
</properties>
  <testcase name="f" classname="P21Jan2024.e2e.Login1" time="2.28"/>
  <testcase name="f" classname="P21Jan2024.e2e.Dev1.Dev1" time="0">
    <skipped/>
    <system-out><![CDATA[D:\Satish\03Eclipse_Workspace\21Jan2024\e2e
FIRST PROGRAM
]]></system-out>
    <system-err><![CDATA[1700296790225	Marionette	INFO	Stopped listening on port 61063
Dynamically enable window occlusion 1
1700296791269	geckodriver	INFO	Listening on 127.0.0.1:53401
1700296791284	mozrunner::runner	INFO	Running command: "C:\\Program Files\\Mozilla Firefox\\firefox.exe" "--marionette" "-no-remote" "-profile" "C:\\Users\\Parth\\AppData\\Local\\Temp\\rust_mozprofile8BHuDv"
console.warn: services.settings: Ignoring preference override of remote settings server
console.warn: services.settings: Allow by setting MOZ_REMOTE_SETTINGS_DEVTOOLS=1 in the environment
1700296791588	Marionette	INFO	Marionette enabled
Dynamically enable window occlusion 0
1700296791999	Marionette	INFO	Listening on port 61127
Read port: 61127
1700296792162	RemoteAgent	WARN	TLS certificate errors will be ignored for this session
Nov 18, 2023 2:09:53 PM org.openqa.selenium.remote.ProtocolHandshake createSession
INFO: Detected dialect: W3C
]]></system-err>
  </testcase>
  <testcase name="f" classname="P21Jan2024.e2e.Dev1.Dev1" time="0">
    <skipped/>
    <system-out><![CDATA[FIRST PROGRAM
]]></system-out>
  </testcase>
  <testcase name="f" classname="P21Jan2024.e2e.Dev1.Dev1" time="0">
    <skipped/>
    <system-out><![CDATA[FIRST PROGRAM
]]></system-out>
  </testcase>
  <testcase name="f" classname="P21Jan2024.e2e.Dev1.Dev1" time="0.006">
    <failure message="expected [true] but found [false]" type="java.lang.AssertionError">java.lang.AssertionError: expected [true] but found [false]
	at org.testng.Assert.fail(Assert.java:99)
	at org.testng.Assert.failNotEquals(Assert.java:1037)
	at org.testng.Assert.assertEqualsImpl(Assert.java:140)
	at org.testng.Assert.assertEquals(Assert.java:122)
	at org.testng.Assert.assertEquals(Assert.java:819)
	at org.testng.Assert.assertEquals(Assert.java:829)
	at P21Jan2024.e2e.Dev1.Dev1.f(Dev1.java:17)
</failure>
    <system-out><![CDATA[FIRST PROGRAM
]]></system-out>
  </testcase>
  <testcase name="f" classname="P21Jan2024.e2e.Dev1.Dev2" time="6.092"/>
  <testcase name="f" classname="P21Jan2024.e2e.Dev1.Dev3" time="6.112"/>
  <testcase name="f" classname="P21Jan2024.e2e.Dev1.Dev3" time="6.064"/>
  <testcase name="f" classname="P21Jan2024.e2e.Dev1.Dev3" time="6.07"/>
  <testcase name="f" classname="P21Jan2024.e2e.Dev1.Dev3" time="6.061"/>
  <testcase name="f" classname="P21Jan2024.e2e.DevOps1.DevOps1" time="6.097"/>
  <testcase name="f" classname="P21Jan2024.e2e.QA1.QA1" time="6.084"/>
</testsuite>