<?xml version="1.0" encoding="UTF-8"?>
<testng-results ignored="0" total="5" passed="5" failed="0" skipped="0">
  <reporter-output>
  </reporter-output>
  <suite started-at="2023-11-16T15:44:07 IST" name="Suite" finished-at="2023-11-16T15:45:01 IST" duration-ms="54119">
    <groups>
    </groups>
    <test started-at="2023-11-16T15:44:07 IST" name="Test" finished-at="2023-11-16T15:45:01 IST" duration-ms="54119">
      <class name="P21Jan2024.e2e.QA1.QA1">
        <test-method is-config="true" signature="setUp()[pri:0, instance:P21Jan2024.e2e.QA1.QA1@4d826d77]" started-at="2023-11-16T15:44:50 IST" name="setUp" finished-at="2023-11-16T15:44:55 IST" duration-ms="4782" status="PASS">
          <reporter-output>
          </reporter-output>
        </test-method> <!-- setUp -->
        <test-method signature="f()[pri:0, instance:P21Jan2024.e2e.QA1.QA1@4d826d77]" started-at="2023-11-16T15:44:55 IST" name="f" finished-at="2023-11-16T15:45:01 IST" duration-ms="6117" status="PASS">
          <reporter-output>
          </reporter-output>
        </test-method> <!-- f -->
        <test-method is-config="true" signature="tearDown()[pri:0, instance:P21Jan2024.e2e.QA1.QA1@4d826d77]" started-at="2023-11-16T15:45:01 IST" name="tearDown" finished-at="2023-11-16T15:45:01 IST" duration-ms="791" status="PASS">
          <reporter-output>
          </reporter-output>
        </test-method> <!-- tearDown -->
        <test-method is-config="true" signature="teradown()[pri:0, instance:P21Jan2024.e2e.QA1.QA1@4d826d77]" started-at="2023-11-16T15:45:01 IST" name="teradown" finished-at="2023-11-16T15:45:01 IST" duration-ms="0" status="PASS">
          <reporter-output>
          </reporter-output>
        </test-method> <!-- teradown -->
      </class> <!-- P21Jan2024.e2e.QA1.QA1 -->
      <class name="P21Jan2024.e2e.DevOps1.DevOps1">
        <test-method is-config="true" signature="setUp()[pri:0, instance:P21Jan2024.e2e.DevOps1.DevOps1@1a052a00]" started-at="2023-11-16T15:44:38 IST" name="setUp" finished-at="2023-11-16T15:44:43 IST" duration-ms="4712" status="PASS">
          <reporter-output>
          </reporter-output>
        </test-method> <!-- setUp -->
        <test-method signature="f()[pri:0, instance:P21Jan2024.e2e.DevOps1.DevOps1@1a052a00]" started-at="2023-11-16T15:44:43 IST" name="f" finished-at="2023-11-16T15:44:49 IST" duration-ms="6128" status="PASS">
          <reporter-output>
          </reporter-output>
        </test-method> <!-- f -->
        <test-method is-config="true" signature="tearDown()[pri:0, instance:P21Jan2024.e2e.DevOps1.DevOps1@1a052a00]" started-at="2023-11-16T15:44:49 IST" name="tearDown" finished-at="2023-11-16T15:44:50 IST" duration-ms="1081" status="PASS">
          <reporter-output>
          </reporter-output>
        </test-method> <!-- tearDown -->
        <test-method is-config="true" signature="teradown()[pri:0, instance:P21Jan2024.e2e.DevOps1.DevOps1@1a052a00]" started-at="2023-11-16T15:45:01 IST" name="teradown" finished-at="2023-11-16T15:45:01 IST" duration-ms="0" status="PASS">
          <reporter-output>
          </reporter-output>
        </test-method> <!-- teradown -->
      </class> <!-- P21Jan2024.e2e.DevOps1.DevOps1 -->
      <class name="P21Jan2024.e2e.Dev1.Dev2">
        <test-method is-config="true" signature="setUp()[pri:0, instance:P21Jan2024.e2e.Dev1.Dev2@770c2e6b]" started-at="2023-11-16T15:44:26 IST" name="setUp" finished-at="2023-11-16T15:44:31 IST" duration-ms="4789" status="PASS">
          <reporter-output>
          </reporter-output>
        </test-method> <!-- setUp -->
        <test-method signature="f()[pri:0, instance:P21Jan2024.e2e.Dev1.Dev2@770c2e6b]" started-at="2023-11-16T15:44:31 IST" name="f" finished-at="2023-11-16T15:44:37 IST" duration-ms="6118" status="PASS">
          <reporter-output>
          </reporter-output>
        </test-method> <!-- f -->
        <test-method is-config="true" signature="tearDown()[pri:0, instance:P21Jan2024.e2e.Dev1.Dev2@770c2e6b]" started-at="2023-11-16T15:44:37 IST" name="tearDown" finished-at="2023-11-16T15:44:38 IST" duration-ms="1028" status="PASS">
          <reporter-output>
          </reporter-output>
        </test-method> <!-- tearDown -->
        <test-method is-config="true" signature="teradown()[pri:0, instance:P21Jan2024.e2e.Dev1.Dev2@770c2e6b]" started-at="2023-11-16T15:45:01 IST" name="teradown" finished-at="2023-11-16T15:45:01 IST" duration-ms="0" status="PASS">
          <reporter-output>
          </reporter-output>
        </test-method> <!-- teradown -->
      </class> <!-- P21Jan2024.e2e.Dev1.Dev2 -->
      <class name="P21Jan2024.e2e.Dev1.Dev1">
        <test-method is-config="true" signature="setUp()[pri:0, instance:P21Jan2024.e2e.Dev1.Dev1@c540f5a]" started-at="2023-11-16T15:44:14 IST" name="setUp" finished-at="2023-11-16T15:44:19 IST" duration-ms="4742" status="PASS">
          <reporter-output>
          </reporter-output>
        </test-method> <!-- setUp -->
        <test-method signature="f()[pri:0, instance:P21Jan2024.e2e.Dev1.Dev1@c540f5a]" started-at="2023-11-16T15:44:19 IST" name="f" finished-at="2023-11-16T15:44:25 IST" duration-ms="6109" status="PASS">
          <reporter-output>
          </reporter-output>
        </test-method> <!-- f -->
        <test-method is-config="true" signature="tearDown()[pri:0, instance:P21Jan2024.e2e.Dev1.Dev1@c540f5a]" started-at="2023-11-16T15:44:25 IST" name="tearDown" finished-at="2023-11-16T15:44:26 IST" duration-ms="990" status="PASS">
          <reporter-output>
          </reporter-output>
        </test-method> <!-- tearDown -->
        <test-method is-config="true" signature="teradown()[pri:0, instance:P21Jan2024.e2e.Dev1.Dev1@c540f5a]" started-at="2023-11-16T15:45:01 IST" name="teradown" finished-at="2023-11-16T15:45:01 IST" duration-ms="0" status="PASS">
          <reporter-output>
          </reporter-output>
        </test-method> <!-- teradown -->
      </class> <!-- P21Jan2024.e2e.Dev1.Dev1 -->
      <class name="P21Jan2024.e2e.Login1">
        <test-method is-config="true" signature="setUp()[pri:0, instance:P21Jan2024.e2e.Login1@51b7e5df]" started-at="2023-11-16T15:44:07 IST" name="setUp" finished-at="2023-11-16T15:44:11 IST" duration-ms="3420" status="PASS">
          <reporter-output>
          </reporter-output>
        </test-method> <!-- setUp -->
        <test-method signature="f()[pri:0, instance:P21Jan2024.e2e.Login1@51b7e5df]" started-at="2023-11-16T15:44:11 IST" name="f" finished-at="2023-11-16T15:44:13 IST" duration-ms="2218" status="PASS">
          <reporter-output>
          </reporter-output>
        </test-method> <!-- f -->
        <test-method is-config="true" signature="tearDown()[pri:0, instance:P21Jan2024.e2e.Login1@51b7e5df]" started-at="2023-11-16T15:44:13 IST" name="tearDown" finished-at="2023-11-16T15:44:14 IST" duration-ms="1058" status="PASS">
          <reporter-output>
          </reporter-output>
        </test-method> <!-- tearDown -->
      </class> <!-- P21Jan2024.e2e.Login1 -->
    </test> <!-- Test -->
  </suite> <!-- Suite -->
</testng-results>
