<?xml version="1.0" encoding="UTF-8"?>
<testng-results ignored="0" total="4" passed="4" failed="0" skipped="0">
  <reporter-output>
  </reporter-output>
  <suite started-at="2023-11-17T13:39:25 IST" name="Default suite" finished-at="2023-11-17T13:39:56 IST" duration-ms="30209">
    <groups>
    </groups>
    <test started-at="2023-11-17T13:39:25 IST" name="Default test" finished-at="2023-11-17T13:39:56 IST" duration-ms="30209">
      <class name="P21Jan2024.e2e.Dev1.Dev3">
        <test-method is-config="true" signature="setUp()[pri:0, instance:P21Jan2024.e2e.Dev1.Dev3@1ea9f6af]" started-at="2023-11-17T13:39:25 IST" name="setUp" finished-at="2023-11-17T13:39:30 IST" duration-ms="4609" status="PASS">
          <reporter-output>
          </reporter-output>
        </test-method> <!-- setUp -->
        <test-method signature="f(java.lang.String,java.lang.String)[pri:0, instance:P21Jan2024.e2e.Dev1.Dev3@1ea9f6af]" started-at="2023-11-17T13:39:30 IST" name="f" data-provider="myData1" finished-at="2023-11-17T13:39:37 IST" duration-ms="6097" status="PASS">
          <params>
            <param index="0">
              <value>
                <![CDATA[firstdev]]>
              </value>
            </param>
            <param index="1">
              <value>
                <![CDATA[firstdev]]>
              </value>
            </param>
          </params>
          <reporter-output>
          </reporter-output>
        </test-method> <!-- f -->
        <test-method signature="f(java.lang.String,java.lang.String)[pri:0, instance:P21Jan2024.e2e.Dev1.Dev3@1ea9f6af]" started-at="2023-11-17T13:39:37 IST" name="f" data-provider="myData1" finished-at="2023-11-17T13:39:43 IST" duration-ms="6105" status="PASS">
          <params>
            <param index="0">
              <value>
                <![CDATA[seconddev]]>
              </value>
            </param>
            <param index="1">
              <value>
                <![CDATA[seconddev]]>
              </value>
            </param>
          </params>
          <reporter-output>
          </reporter-output>
        </test-method> <!-- f -->
        <test-method signature="f(java.lang.String,java.lang.String)[pri:0, instance:P21Jan2024.e2e.Dev1.Dev3@1ea9f6af]" started-at="2023-11-17T13:39:43 IST" name="f" data-provider="myData1" finished-at="2023-11-17T13:39:49 IST" duration-ms="6071" status="PASS">
          <params>
            <param index="0">
              <value>
                <![CDATA[thirddev]]>
              </value>
            </param>
            <param index="1">
              <value>
                <![CDATA[thirddev]]>
              </value>
            </param>
          </params>
          <reporter-output>
          </reporter-output>
        </test-method> <!-- f -->
        <test-method signature="f(java.lang.String,java.lang.String)[pri:0, instance:P21Jan2024.e2e.Dev1.Dev3@1ea9f6af]" started-at="2023-11-17T13:39:49 IST" name="f" data-provider="myData1" finished-at="2023-11-17T13:39:55 IST" duration-ms="6079" status="PASS">
          <params>
            <param index="0">
              <value>
                <![CDATA[fourthdev]]>
              </value>
            </param>
            <param index="1">
              <value>
                <![CDATA[fourthdev]]>
              </value>
            </param>
          </params>
          <reporter-output>
          </reporter-output>
        </test-method> <!-- f -->
        <test-method is-config="true" signature="tearDown()[pri:0, instance:P21Jan2024.e2e.Dev1.Dev3@1ea9f6af]" started-at="2023-11-17T13:39:55 IST" name="tearDown" finished-at="2023-11-17T13:39:56 IST" duration-ms="841" status="PASS">
          <reporter-output>
          </reporter-output>
        </test-method> <!-- tearDown -->
        <test-method is-config="true" signature="teradown()[pri:0, instance:P21Jan2024.e2e.Dev1.Dev3@1ea9f6af]" started-at="2023-11-17T13:39:56 IST" name="teradown" finished-at="2023-11-17T13:39:56 IST" duration-ms="0" status="PASS">
          <reporter-output>
          </reporter-output>
        </test-method> <!-- teradown -->
      </class> <!-- P21Jan2024.e2e.Dev1.Dev3 -->
    </test> <!-- Default test -->
  </suite> <!-- Default suite -->
</testng-results>
