<?xml version="1.0" encoding="UTF-8"?>
<testng-results ignored="0" total="4" passed="4" failed="0" skipped="0">
  <reporter-output>
  </reporter-output>
  <suite started-at="2023-11-18T12:54:43 IST" name="Default suite" finished-at="2023-11-18T12:55:14 IST" duration-ms="30740">
    <groups>
    </groups>
    <test started-at="2023-11-18T12:54:43 IST" name="Default test" finished-at="2023-11-18T12:55:14 IST" duration-ms="30740">
      <class name="P21Jan2024.e2e.Dev1.Dev3">
        <test-method is-config="true" signature="setUp()[pri:0, instance:P21Jan2024.e2e.Dev1.Dev3@192d43ce]" started-at="2023-11-18T12:54:43 IST" name="setUp" finished-at="2023-11-18T12:54:48 IST" duration-ms="4819" status="PASS">
          <reporter-output>
          </reporter-output>
        </test-method> <!-- setUp -->
        <test-method signature="f(java.lang.String,java.lang.String)[pri:0, instance:P21Jan2024.e2e.Dev1.Dev3@192d43ce]" started-at="2023-11-18T12:54:48 IST" name="f" data-provider="myData1" finished-at="2023-11-18T12:54:55 IST" duration-ms="6118" status="PASS">
          <params>
            <param index="0">
              <value>
                <![CDATA[firstdevQA]]>
              </value>
            </param>
            <param index="1">
              <value>
                <![CDATA[firstdev]]>
              </value>
            </param>
          </params>
          <reporter-output>
          </reporter-output>
        </test-method> <!-- f -->
        <test-method signature="f(java.lang.String,java.lang.String)[pri:0, instance:P21Jan2024.e2e.Dev1.Dev3@192d43ce]" started-at="2023-11-18T12:54:55 IST" name="f" data-provider="myData1" finished-at="2023-11-18T12:55:01 IST" duration-ms="6095" status="PASS">
          <params>
            <param index="0">
              <value>
                <![CDATA[seconddevQA]]>
              </value>
            </param>
            <param index="1">
              <value>
                <![CDATA[seconddev]]>
              </value>
            </param>
          </params>
          <reporter-output>
          </reporter-output>
        </test-method> <!-- f -->
        <test-method signature="f(java.lang.String,java.lang.String)[pri:0, instance:P21Jan2024.e2e.Dev1.Dev3@192d43ce]" started-at="2023-11-18T12:55:01 IST" name="f" data-provider="myData1" finished-at="2023-11-18T12:55:07 IST" duration-ms="6095" status="PASS">
          <params>
            <param index="0">
              <value>
                <![CDATA[thirddevQA]]>
              </value>
            </param>
            <param index="1">
              <value>
                <![CDATA[thirddev]]>
              </value>
            </param>
          </params>
          <reporter-output>
          </reporter-output>
        </test-method> <!-- f -->
        <test-method signature="f(java.lang.String,java.lang.String)[pri:0, instance:P21Jan2024.e2e.Dev1.Dev3@192d43ce]" started-at="2023-11-18T12:55:07 IST" name="f" data-provider="myData1" finished-at="2023-11-18T12:55:13 IST" duration-ms="6091" status="PASS">
          <params>
            <param index="0">
              <value>
                <![CDATA[fourthdevQA]]>
              </value>
            </param>
            <param index="1">
              <value>
                <![CDATA[fourthdev]]>
              </value>
            </param>
          </params>
          <reporter-output>
          </reporter-output>
        </test-method> <!-- f -->
        <test-method is-config="true" signature="tearDown()[pri:0, instance:P21Jan2024.e2e.Dev1.Dev3@192d43ce]" started-at="2023-11-18T12:55:13 IST" name="tearDown" finished-at="2023-11-18T12:55:14 IST" duration-ms="1151" status="PASS">
          <reporter-output>
          </reporter-output>
        </test-method> <!-- tearDown -->
        <test-method is-config="true" signature="teradown()[pri:0, instance:P21Jan2024.e2e.Dev1.Dev3@192d43ce]" started-at="2023-11-18T12:55:14 IST" name="teradown" finished-at="2023-11-18T12:55:14 IST" duration-ms="0" status="PASS">
          <reporter-output>
          </reporter-output>
        </test-method> <!-- teradown -->
      </class> <!-- P21Jan2024.e2e.Dev1.Dev3 -->
    </test> <!-- Default test -->
  </suite> <!-- Default suite -->
</testng-results>
